testcamera/build/intermediates/manifest_merge_blame_file/debug/processDebugMainManifest/manifest-merger-blame-debug-report.txt
1<?xml version="1.0" encoding="utf-8"?>
2<manifest xmlns:android="http://schemas.android.com/apk/res/android"
3    package="com.example.testcamera"
4    android:versionCode="1"
5    android:versionName="1.0" >
6
7    <uses-sdk
8        android:minSdkVersion="29"
9        android:targetSdkVersion="35" />
10
11    <uses-feature
11-->src\main\AndroidManifest.xml:4:5-6:36
12        android:name="android.hardware.camera"
12-->src\main\AndroidManifest.xml:5:9-47
13        android:required="false" />
13-->src\main\AndroidManifest.xml:6:9-33
14
15    <uses-permission android:name="android.permission.CAMERA" />
15-->src\main\AndroidManifest.xml:7:5-65
15-->src\main\AndroidManifest.xml:7:22-62
16
17    <queries>
17-->[androidx.camera:camera-extensions:1.3.1] AndroidManifest.xml:22:5-26:15
18        <intent>
18-->[androidx.camera:camera-extensions:1.3.1] AndroidManifest.xml:23:9-25:18
19            <action android:name="androidx.camera.extensions.action.VENDOR_ACTION" />
19-->[androidx.camera:camera-extensions:1.3.1] AndroidManifest.xml:24:13-86
19-->[androidx.camera:camera-extensions:1.3.1] AndroidManifest.xml:24:21-83
20        </intent>
21    </queries>
22
23    <permission
23-->[androidx.core:core:1.9.0] AndroidManifest.xml:22:5-24:47
24        android:name="com.example.testcamera.DYNAMIC_RECEIVER_NOT_EXPORTED_PERMISSION"
24-->[androidx.core:core:1.9.0] AndroidManifest.xml:23:9-81
25        android:protectionLevel="signature" />
25-->[androidx.core:core:1.9.0] AndroidManifest.xml:24:9-44
26
27    <uses-permission android:name="com.example.testcamera.DYNAMIC_RECEIVER_NOT_EXPORTED_PERMISSION" />
27-->[androidx.core:core:1.9.0] AndroidManifest.xml:26:5-97
27-->[androidx.core:core:1.9.0] AndroidManifest.xml:26:22-94
28
29    <application
29-->src\main\AndroidManifest.xml:9:5-25:19
30        android:allowBackup="true"
30-->src\main\AndroidManifest.xml:10:9-35
31        android:appComponentFactory="androidx.core.app.CoreComponentFactory"
31-->[androidx.core:core:1.9.0] AndroidManifest.xml:28:18-86
32        android:debuggable="true"
33        android:extractNativeLibs="false"
34        android:icon="@mipmap/ic_launcher"
34-->src\main\AndroidManifest.xml:11:9-43
35        android:label="@string/app_name"
35-->src\main\AndroidManifest.xml:12:9-41
36        android:roundIcon="@mipmap/ic_launcher_round"
36-->src\main\AndroidManifest.xml:13:9-54
37        android:supportsRtl="true"
37-->src\main\AndroidManifest.xml:14:9-35
38        android:testOnly="true"
39        android:theme="@style/Theme.Experiment1" >
39-->src\main\AndroidManifest.xml:15:9-49
40        <activity
40-->src\main\AndroidManifest.xml:16:9-24:20
41            android:name="com.example.testcamera.MainActivity"
41-->src\main\AndroidManifest.xml:17:13-41
42            android:exported="true" >
42-->src\main\AndroidManifest.xml:18:13-36
43            <intent-filter>
43-->src\main\AndroidManifest.xml:19:13-23:29
44                <action android:name="android.intent.action.MAIN" />
44-->src\main\AndroidManifest.xml:20:17-69
44-->src\main\AndroidManifest.xml:20:25-66
45
46                <category android:name="android.intent.category.LAUNCHER" />
46-->src\main\AndroidManifest.xml:22:17-77
46-->src\main\AndroidManifest.xml:22:27-74
47            </intent-filter>
48        </activity>
49
50        <uses-library
50-->[androidx.camera:camera-extensions:1.3.1] AndroidManifest.xml:29:9-31:40
51            android:name="androidx.camera.extensions.impl"
51-->[androidx.camera:camera-extensions:1.3.1] AndroidManifest.xml:30:13-59
52            android:required="false" />
52-->[androidx.camera:camera-extensions:1.3.1] AndroidManifest.xml:31:13-37
53
54        <service
54-->[androidx.camera:camera-camera2:1.3.1] AndroidManifest.xml:24:9-33:19
55            android:name="androidx.camera.core.impl.MetadataHolderService"
55-->[androidx.camera:camera-camera2:1.3.1] AndroidManifest.xml:25:13-75
56            android:enabled="false"
56-->[androidx.camera:camera-camera2:1.3.1] AndroidManifest.xml:26:13-36
57            android:exported="false" >
57-->[androidx.camera:camera-camera2:1.3.1] AndroidManifest.xml:27:13-37
58            <meta-data
58-->[androidx.camera:camera-camera2:1.3.1] AndroidManifest.xml:30:13-32:89
59                android:name="androidx.camera.core.impl.MetadataHolderService.DEFAULT_CONFIG_PROVIDER"
59-->[androidx.camera:camera-camera2:1.3.1] AndroidManifest.xml:31:17-103
60                android:value="androidx.camera.camera2.Camera2Config$DefaultProvider" />
60-->[androidx.camera:camera-camera2:1.3.1] AndroidManifest.xml:32:17-86
61        </service>
62
63        <provider
63-->[androidx.emoji2:emoji2:1.2.0] AndroidManifest.xml:24:9-32:20
64            android:name="androidx.startup.InitializationProvider"
64-->[androidx.emoji2:emoji2:1.2.0] AndroidManifest.xml:25:13-67
65            android:authorities="com.example.testcamera.androidx-startup"
65-->[androidx.emoji2:emoji2:1.2.0] AndroidManifest.xml:26:13-68
66            android:exported="false" >
66-->[androidx.emoji2:emoji2:1.2.0] AndroidManifest.xml:27:13-37
67            <meta-data
67-->[androidx.emoji2:emoji2:1.2.0] AndroidManifest.xml:29:13-31:52
68                android:name="androidx.emoji2.text.EmojiCompatInitializer"
68-->[androidx.emoji2:emoji2:1.2.0] AndroidManifest.xml:30:17-75
69                android:value="androidx.startup" />
69-->[androidx.emoji2:emoji2:1.2.0] AndroidManifest.xml:31:17-49
70            <meta-data
70-->[androidx.lifecycle:lifecycle-process:2.6.1] AndroidManifest.xml:29:13-31:52
71                android:name="androidx.lifecycle.ProcessLifecycleInitializer"
71-->[androidx.lifecycle:lifecycle-process:2.6.1] AndroidManifest.xml:30:17-78
72                android:value="androidx.startup" />
72-->[androidx.lifecycle:lifecycle-process:2.6.1] AndroidManifest.xml:31:17-49
73            <meta-data
73-->[androidx.profileinstaller:profileinstaller:1.3.0] AndroidManifest.xml:29:13-31:52
74                android:name="androidx.profileinstaller.ProfileInstallerInitializer"
74-->[androidx.profileinstaller:profileinstaller:1.3.0] AndroidManifest.xml:30:17-85
75                android:value="androidx.startup" />
75-->[androidx.profileinstaller:profileinstaller:1.3.0] AndroidManifest.xml:31:17-49
76        </provider>
77
78        <receiver
78-->[androidx.profileinstaller:profileinstaller:1.3.0] AndroidManifest.xml:34:9-52:20
79            android:name="androidx.profileinstaller.ProfileInstallReceiver"
79-->[androidx.profileinstaller:profileinstaller:1.3.0] AndroidManifest.xml:35:13-76
80            android:directBootAware="false"
80-->[androidx.profileinstaller:profileinstaller:1.3.0] AndroidManifest.xml:36:13-44
81            android:enabled="true"
81-->[androidx.profileinstaller:profileinstaller:1.3.0] AndroidManifest.xml:37:13-35
82            android:exported="true"
82-->[androidx.profileinstaller:profileinstaller:1.3.0] AndroidManifest.xml:38:13-36
83            android:permission="android.permission.DUMP" >
83-->[androidx.profileinstaller:profileinstaller:1.3.0] AndroidManifest.xml:39:13-57
84            <intent-filter>
84-->[androidx.profileinstaller:profileinstaller:1.3.0] AndroidManifest.xml:40:13-42:29
85                <action android:name="androidx.profileinstaller.action.INSTALL_PROFILE" />
85-->[androidx.profileinstaller:profileinstaller:1.3.0] AndroidManifest.xml:41:17-91
85-->[androidx.profileinstaller:profileinstaller:1.3.0] AndroidManifest.xml:41:25-88
86            </intent-filter>
87            <intent-filter>
87-->[androidx.profileinstaller:profileinstaller:1.3.0] AndroidManifest.xml:43:13-45:29
88                <action android:name="androidx.profileinstaller.action.SKIP_FILE" />
88-->[androidx.profileinstaller:profileinstaller:1.3.0] AndroidManifest.xml:44:17-85
88-->[androidx.profileinstaller:profileinstaller:1.3.0] AndroidManifest.xml:44:25-82
89            </intent-filter>
90            <intent-filter>
90-->[androidx.profileinstaller:profileinstaller:1.3.0] AndroidManifest.xml:46:13-48:29
91                <action android:name="androidx.profileinstaller.action.SAVE_PROFILE" />
91-->[androidx.profileinstaller:profileinstaller:1.3.0] AndroidManifest.xml:47:17-88
91-->[androidx.profileinstaller:profileinstaller:1.3.0] AndroidManifest.xml:47:25-85
92            </intent-filter>
93            <intent-filter>
93-->[androidx.profileinstaller:profileinstaller:1.3.0] AndroidManifest.xml:49:13-51:29
94                <action android:name="androidx.profileinstaller.action.BENCHMARK_OPERATION" />
94-->[androidx.profileinstaller:profileinstaller:1.3.0] AndroidManifest.xml:50:17-95
94-->[androidx.profileinstaller:profileinstaller:1.3.0] AndroidManifest.xml:50:25-92
95            </intent-filter>
96        </receiver>
97    </application>
98
99</manifest>